[debug] ----------------------------------------------------------------------
[debug] Command:      C:\Program Files\nodejs\node.exe C:\Users\talyaron\AppData\Roaming\npm\node_modules\firebase-tools\bin\firebase serve
[debug] CLI Version:  3.0.1
[debug] Platform:     win32
[debug] Node Version: v4.4.3
[debug] Time:         Sun Jun 19 2016 14:30:10 GMT+0300 (שעון קיץ ירושלים)
[debug] ----------------------------------------------------------------------
[debug] 
[info] Starting Firebase development server...
[info] 
[warn] !  No Firebase project directory detected. Serving static content from C:\delib-fron2\public
[info] 
[info] Server listening at: http://localhost:5000
[debug] ----------------------------------------------------------------------
[debug] Command:      C:\Program Files\nodejs\node.exe C:\Users\talyaron\AppData\Roaming\npm\node_modules\firebase-tools\bin\firebase serve
[debug] CLI Version:  3.0.1
[debug] Platform:     win32
[debug] Node Version: v4.4.3
[debug] Time:         Mon Jun 20 2016 19:38:24 GMT+0300 (שעון קיץ ירושלים)
[debug] ----------------------------------------------------------------------
[debug] 
[info] Starting Firebase development server...
[info] 
[warn] !  No Firebase project directory detected. Serving static content from C:\delib-fron2\public
[info] 
[info] Server listening at: http://localhost:5000
[debug] ----------------------------------------------------------------------
[debug] Command:      /usr/bin/nodejs /usr/local/bin/firebase serve
[debug] CLI Version:  3.0.4
[debug] Platform:     linux
[debug] Node Version: v4.2.6
[debug] Time:         Mon Aug 08 2016 21:13:33 GMT+0300 (IDT)
[debug] ----------------------------------------------------------------------
[debug] 
[info] Starting Firebase development server...
[info] 
[warn] ⚠  No Firebase project directory detected. Serving static content from /home/yosef/delib/delib2/public
[info] 
[info] Server listening at: http://localhost:5000
